2023-10-01 12:22:46,814HH:mm:ss.555) (main) %-51evel api.test.UserTests (36) - ********Creating user************
2023-10-01 12:22:50,492HH:mm:ss.555) (main) %-51evel api.test.UserTests (36) - ********Creating user************
2023-10-01 12:22:50,505HH:mm:ss.555) (main) %-51evel api.test.UserTests (36) - ********Reading User Info************
2023-10-01 12:22:52,587HH:mm:ss.555) (main) %-51evel api.test.UserTests (36) - ********Reading User Info************
2023-10-01 12:22:52,590HH:mm:ss.555) (main) %-51evel api.test.UserTests (36) - ********Update User Info************
2023-10-01 12:22:54,386HH:mm:ss.555) (main) %-51evel api.test.UserTests (36) - ********Update User Info************
2023-10-01 12:22:56,230HH:mm:ss.555) (main) %-51evel api.test.UserTests (36) - ********Update User Info************
2023-10-01 12:22:56,232HH:mm:ss.555) (main) %-51evel api.test.UserTests (36) - ********Deleting User Info************
2023-10-01 12:22:58,815HH:mm:ss.555) (main) %-51evel api.test.UserTests (36) - ********Deleting User Info************
2023-10-01 12:43:31,637HH:mm:ss.555) (main) %-51evel api.test.UserTests2 (36) - ********Creating user************
2023-10-01 12:43:38,486HH:mm:ss.555) (main) %-51evel api.test.UserTests2 (36) - ********Creating user************
2023-10-01 12:43:38,506HH:mm:ss.555) (main) %-51evel api.test.UserTests2 (36) - ********Reading User Info************
2023-10-01 12:43:43,195HH:mm:ss.555) (main) %-51evel api.test.UserTests2 (36) - ********Reading User Info************
2023-10-01 12:43:43,198HH:mm:ss.555) (main) %-51evel api.test.UserTests2 (36) - ********Update User Info************
2023-10-01 12:43:47,160HH:mm:ss.555) (main) %-51evel api.test.UserTests2 (36) - ********Update User Info************
2023-10-01 12:43:48,738HH:mm:ss.555) (main) %-51evel api.test.UserTests2 (36) - ********Update User Info************
2023-10-01 12:43:48,740HH:mm:ss.555) (main) %-51evel api.test.UserTests2 (36) - ********Deleting User Info************
2023-10-01 12:43:50,795HH:mm:ss.555) (main) %-51evel api.test.UserTests2 (36) - ********Deleting User Info************
2023-10-01 12:58:04,561HH:mm:ss.555) (main) %-51evel api.test.UserTests (36) - ********Creating user************
2023-10-01 12:58:08,487HH:mm:ss.555) (main) %-51evel api.test.UserTests (36) - ********Creating user************
2023-10-01 12:58:08,491HH:mm:ss.555) (main) %-51evel api.test.UserTests (36) - ********Reading User Info************
2023-10-01 12:58:10,570HH:mm:ss.555) (main) %-51evel api.test.UserTests (36) - ********Reading User Info************
2023-10-01 12:58:10,572HH:mm:ss.555) (main) %-51evel api.test.UserTests (36) - ********Update User Info************
2023-10-01 12:58:12,369HH:mm:ss.555) (main) %-51evel api.test.UserTests (36) - ********Update User Info************
2023-10-01 12:58:13,949HH:mm:ss.555) (main) %-51evel api.test.UserTests (36) - ********Update User Info************
2023-10-01 12:58:13,951HH:mm:ss.555) (main) %-51evel api.test.UserTests (36) - ********Deleting User Info************
2023-10-01 12:58:15,652HH:mm:ss.555) (main) %-51evel api.test.UserTests (36) - ********Deleting User Info************
2023-10-01 13:04:04,975HH:mm:ss.555) (main) %-51evel api.test.UserTests (36) - ********Creating user************
2023-10-01 13:04:08,592HH:mm:ss.555) (main) %-51evel api.test.UserTests (36) - ********Creating user************
2023-10-01 13:04:08,595HH:mm:ss.555) (main) %-51evel api.test.UserTests (36) - ********Reading User Info************
2023-10-01 13:04:10,465HH:mm:ss.555) (main) %-51evel api.test.UserTests (36) - ********Reading User Info************
2023-10-01 13:04:10,466HH:mm:ss.555) (main) %-51evel api.test.UserTests (36) - ********Update User Info************
2023-10-01 13:04:12,101HH:mm:ss.555) (main) %-51evel api.test.UserTests (36) - ********Update User Info************
2023-10-01 13:04:13,516HH:mm:ss.555) (main) %-51evel api.test.UserTests (36) - ********Update User Info************
2023-10-01 13:04:13,517HH:mm:ss.555) (main) %-51evel api.test.UserTests (36) - ********Deleting User Info************
2023-10-01 13:04:15,645HH:mm:ss.555) (main) %-51evel api.test.UserTests (36) - ********Deleting User Info************
2023-10-01 13:16:53,394HH:mm:ss.555) (main) %-51evel api.test.UserTests (36) - ********Creating user************
2023-10-01 13:16:58,082HH:mm:ss.555) (main) %-51evel api.test.UserTests (36) - ********Creating user************
2023-10-01 13:16:58,086HH:mm:ss.555) (main) %-51evel api.test.UserTests (36) - ********Reading User Info************
2023-10-01 13:16:59,955HH:mm:ss.555) (main) %-51evel api.test.UserTests (36) - ********Reading User Info************
2023-10-01 13:16:59,957HH:mm:ss.555) (main) %-51evel api.test.UserTests (36) - ********Update User Info************
2023-10-01 13:17:02,644HH:mm:ss.555) (main) %-51evel api.test.UserTests (36) - ********Update User Info************
2023-10-01 13:17:04,565HH:mm:ss.555) (main) %-51evel api.test.UserTests (36) - ********Update User Info************
2023-10-01 13:17:04,566HH:mm:ss.555) (main) %-51evel api.test.UserTests (36) - ********Deleting User Info************
2023-10-01 13:17:06,565HH:mm:ss.555) (main) %-51evel api.test.UserTests (36) - ********Deleting User Info************
2023-10-01 15:07:17,252HH:mm:ss.555) (main) %-51evel api.test.UserTests2 (36) - ********Creating user************
2023-10-01 15:07:23,689HH:mm:ss.555) (main) %-51evel api.test.UserTests2 (36) - ********Creating user************
2023-10-01 15:07:23,703HH:mm:ss.555) (main) %-51evel api.test.UserTests2 (36) - ********Reading User Info************
2023-10-01 15:07:27,212HH:mm:ss.555) (main) %-51evel api.test.UserTests2 (36) - ********Reading User Info************
2023-10-01 15:07:27,215HH:mm:ss.555) (main) %-51evel api.test.UserTests2 (36) - ********Update User Info************
2023-10-01 15:07:29,675HH:mm:ss.555) (main) %-51evel api.test.UserTests2 (36) - ********Update User Info************
2023-10-01 15:07:33,533HH:mm:ss.555) (main) %-51evel api.test.UserTests2 (36) - ********Update User Info************
2023-10-01 15:07:33,535HH:mm:ss.555) (main) %-51evel api.test.UserTests2 (36) - ********Deleting User Info************
2023-10-01 15:07:38,404HH:mm:ss.555) (main) %-51evel api.test.UserTests2 (36) - ********Deleting User Info************
